<?xml version="1.0" encoding="UTF-8"?>
<!-- Generated by org.testng.reporters.JUnitReportReporter -->
<testsuite skipped="0" hostname="e0ef75be9161" name="com.searchmodule.tests.SearchTest" tests="4" failures="0" timestamp="03 Jan 2023 20:19:02 GMT" time="21.610" errors="0">
  <testcase name="search" time="5.641" classname="com.searchmodule.tests.SearchTest"/>
  <testcase name="search" time="4.764" classname="com.searchmodule.tests.SearchTest"/>
  <testcase name="search" time="6.645" classname="com.searchmodule.tests.SearchTest"/>
  <testcase name="search" time="4.560" classname="com.searchmodule.tests.SearchTest"/>
</testsuite> <!-- com.searchmodule.tests.SearchTest -->
