<?xml version="1.0" encoding="UTF-8"?>
<!-- Generated by org.testng.reporters.JUnitReportReporter -->
<testsuite skipped="0" hostname="f9ed005c1860" name="com.newtours.tests.BookFlightTest" tests="20" failures="0" timestamp="03 Jan 2023 20:19:00 GMT" time="27.831" errors="0">
  <testcase name="registrationConfirmationPage" time="0.255" classname="com.newtours.tests.BookFlightTest"/>
  <testcase name="registrationPage" time="3.304" classname="com.newtours.tests.BookFlightTest"/>
  <testcase name="findFlightPage" time="0.441" classname="com.newtours.tests.BookFlightTest"/>
  <testcase name="flightConfirmationPage" time="0.443" classname="com.newtours.tests.BookFlightTest"/>
  <testcase name="findFlightPage" time="0.450" classname="com.newtours.tests.BookFlightTest"/>
  <testcase name="registrationPage" time="4.144" classname="com.newtours.tests.BookFlightTest"/>
  <testcase name="registrationPage" time="4.291" classname="com.newtours.tests.BookFlightTest"/>
  <testcase name="flightDetailsPage" time="1.693" classname="com.newtours.tests.BookFlightTest"/>
  <testcase name="flightDetailsPage" time="1.552" classname="com.newtours.tests.BookFlightTest"/>
  <testcase name="findFlightPage" time="0.544" classname="com.newtours.tests.BookFlightTest"/>
  <testcase name="flightConfirmationPage" time="0.313" classname="com.newtours.tests.BookFlightTest"/>
  <testcase name="registrationConfirmationPage" time="0.169" classname="com.newtours.tests.BookFlightTest"/>
  <testcase name="flightConfirmationPage" time="0.351" classname="com.newtours.tests.BookFlightTest"/>
  <testcase name="findFlightPage" time="0.456" classname="com.newtours.tests.BookFlightTest"/>
  <testcase name="registrationPage" time="5.144" classname="com.newtours.tests.BookFlightTest"/>
  <testcase name="flightDetailsPage" time="1.675" classname="com.newtours.tests.BookFlightTest"/>
  <testcase name="flightDetailsPage" time="1.703" classname="com.newtours.tests.BookFlightTest"/>
  <testcase name="flightConfirmationPage" time="0.513" classname="com.newtours.tests.BookFlightTest"/>
  <testcase name="registrationConfirmationPage" time="0.195" classname="com.newtours.tests.BookFlightTest"/>
  <testcase name="registrationConfirmationPage" time="0.195" classname="com.newtours.tests.BookFlightTest"/>
</testsuite> <!-- com.newtours.tests.BookFlightTest -->
